2026-04-18 08:25:20,442 | INFO | END_SIMULATION: Arjun vs Elena - SUCCESS
2026-04-18 08:25:21,537 | INFO | END_SIMULATION: Arjun vs Sarah - SUCCESS
2026-04-18 08:25:22,645 | INFO | END_SIMULATION: Arjun vs Mike - SUCCESS
2026-04-18 08:25:23,722 | INFO | END_SIMULATION: Arjun vs Priya - SUCCESS
2026-04-18 08:25:24,981 | INFO | END_SIMULATION: Arjun vs David - SUCCESS
2026-04-18 08:25:26,344 | INFO | END_SIMULATION: Arjun vs Chloe - SUCCESS
2026-04-18 08:25:27,543 | INFO | END_SIMULATION: Arjun vs James - SUCCESS
2026-04-18 08:25:28,577 | INFO | END_SIMULATION: Arjun vs Lila - SUCCESS
2026-04-18 08:25:29,535 | INFO | END_SIMULATION: Arjun vs Sam - SUCCESS
2026-04-18 08:25:31,220 | INFO | END_SIMULATION: Elena vs Sarah - SUCCESS
2026-04-18 08:25:33,145 | INFO | END_SIMULATION: Elena vs Mike - SUCCESS
2026-04-18 08:25:34,439 | INFO | END_SIMULATION: Elena vs Priya - SUCCESS
2026-04-18 08:25:36,051 | INFO | END_SIMULATION: Elena vs David - SUCCESS
2026-04-18 08:25:37,496 | INFO | END_SIMULATION: Elena vs Chloe - SUCCESS
2026-04-18 08:25:39,120 | INFO | END_SIMULATION: Elena vs James - SUCCESS
2026-04-18 08:25:45,295 | INFO | END_SIMULATION: Elena vs Lila - SUCCESS
2026-04-18 08:25:50,957 | INFO | END_SIMULATION: Elena vs Sam - SUCCESS
2026-04-18 08:25:56,488 | INFO | END_SIMULATION: Sarah vs Mike - SUCCESS
2026-04-18 08:26:01,730 | INFO | END_SIMULATION: Sarah vs Priya - SUCCESS
2026-04-18 08:26:06,994 | INFO | END_SIMULATION: Sarah vs David - SUCCESS
2026-04-18 08:26:12,307 | INFO | END_SIMULATION: Sarah vs Chloe - SUCCESS
2026-04-18 08:26:18,120 | INFO | END_SIMULATION: Sarah vs James - SUCCESS
2026-04-18 08:26:23,816 | INFO | END_SIMULATION: Sarah vs Lila - SUCCESS
2026-04-18 08:26:29,611 | INFO | END_SIMULATION: Sarah vs Sam - SUCCESS
2026-04-18 08:26:35,268 | INFO | END_SIMULATION: Mike vs Priya - SUCCESS
2026-04-18 08:26:40,589 | INFO | END_SIMULATION: Mike vs David - SUCCESS
2026-04-18 08:26:46,109 | INFO | END_SIMULATION: Mike vs Chloe - SUCCESS
2026-04-18 08:26:51,414 | INFO | END_SIMULATION: Mike vs James - SUCCESS
2026-04-18 08:26:57,721 | INFO | END_SIMULATION: Mike vs Lila - SUCCESS
2026-04-18 08:27:03,233 | INFO | END_SIMULATION: Mike vs Sam - SUCCESS
2026-04-18 08:27:08,862 | INFO | END_SIMULATION: Priya vs David - SUCCESS
2026-04-18 08:27:14,538 | INFO | END_SIMULATION: Priya vs Chloe - SUCCESS
2026-04-18 08:27:20,406 | INFO | END_SIMULATION: Priya vs James - SUCCESS
2026-04-18 08:27:26,660 | INFO | END_SIMULATION: Priya vs Lila - SUCCESS
2026-04-18 08:27:31,975 | INFO | END_SIMULATION: Priya vs Sam - SUCCESS
2026-04-18 08:27:37,551 | INFO | END_SIMULATION: David vs Chloe - SUCCESS
2026-04-18 08:27:42,558 | INFO | END_SIMULATION: David vs James - SUCCESS
2026-04-18 08:27:48,167 | INFO | END_SIMULATION: David vs Lila - SUCCESS
2026-04-18 08:27:53,353 | INFO | END_SIMULATION: David vs Sam - SUCCESS
2026-04-18 08:27:58,769 | INFO | END_SIMULATION: Chloe vs James - SUCCESS
2026-04-18 08:28:05,031 | INFO | END_SIMULATION: Chloe vs Lila - SUCCESS
2026-04-18 08:28:10,343 | INFO | END_SIMULATION: Chloe vs Sam - SUCCESS
2026-04-18 08:28:17,073 | INFO | END_SIMULATION: James vs Lila - SUCCESS
2026-04-18 08:28:20,331 | INFO | END_SIMULATION: James vs Sam - SUCCESS
2026-04-18 08:28:26,760 | INFO | END_SIMULATION: Lila vs Sam - SUCCESS
2026-04-18 08:28:26,869 | INFO | Matrix saved to outputs\normal_score_matrix.csv
2026-04-18 08:28:26,874 | INFO | Matrix saved to outputs\judge_score_matrix.csv
2026-04-18 08:28:26,885 | INFO | Matrix saved to outputs\matches_score_matrix.csv
2026-04-18 08:37:18,232 | INFO | END_SIMULATION: Arjun vs Elena - SUCCESS
2026-04-18 08:37:19,216 | INFO | END_SIMULATION: Arjun vs Sarah - SUCCESS
2026-04-18 08:37:20,602 | INFO | END_SIMULATION: Arjun vs Mike - SUCCESS
2026-04-18 08:37:21,605 | INFO | END_SIMULATION: Arjun vs Priya - SUCCESS
2026-04-18 08:37:22,765 | INFO | END_SIMULATION: Arjun vs David - SUCCESS
2026-04-18 08:37:24,773 | INFO | END_SIMULATION: Arjun vs Chloe - SUCCESS
2026-04-18 08:37:25,943 | INFO | END_SIMULATION: Arjun vs James - SUCCESS
2026-04-18 08:37:27,377 | INFO | END_SIMULATION: Arjun vs Lila - SUCCESS
2026-04-18 08:37:28,514 | INFO | END_SIMULATION: Arjun vs Sam - SUCCESS
2026-04-18 08:37:29,984 | INFO | END_SIMULATION: Elena vs Sarah - SUCCESS
2026-04-18 08:37:31,700 | INFO | END_SIMULATION: Elena vs Mike - SUCCESS
2026-04-18 08:37:34,481 | INFO | END_SIMULATION: Elena vs Priya - SUCCESS
2026-04-18 08:37:35,763 | INFO | END_SIMULATION: Elena vs David - SUCCESS
2026-04-18 08:37:37,634 | INFO | END_SIMULATION: Elena vs Chloe - SUCCESS
2026-04-18 08:37:39,589 | INFO | END_SIMULATION: Elena vs James - SUCCESS
2026-04-18 08:37:43,839 | INFO | END_SIMULATION: Elena vs Lila - SUCCESS
2026-04-18 08:37:50,411 | INFO | END_SIMULATION: Elena vs Sam - SUCCESS
2026-04-18 08:37:56,066 | INFO | END_SIMULATION: Sarah vs Mike - SUCCESS
2026-04-18 08:38:01,799 | INFO | END_SIMULATION: Sarah vs Priya - SUCCESS
2026-04-18 08:38:07,647 | INFO | END_SIMULATION: Sarah vs David - SUCCESS
2026-04-18 08:38:13,788 | INFO | END_SIMULATION: Sarah vs Chloe - SUCCESS
2026-04-18 08:38:18,804 | INFO | END_SIMULATION: Sarah vs James - SUCCESS
2026-04-18 08:38:24,427 | INFO | END_SIMULATION: Sarah vs Lila - SUCCESS
2026-04-18 08:38:29,788 | INFO | END_SIMULATION: Sarah vs Sam - SUCCESS
2026-04-18 08:38:35,279 | INFO | END_SIMULATION: Mike vs Priya - SUCCESS
2026-04-18 08:38:40,599 | INFO | END_SIMULATION: Mike vs David - SUCCESS
2026-04-18 08:38:46,092 | INFO | END_SIMULATION: Mike vs Chloe - SUCCESS
2026-04-18 08:38:52,347 | INFO | END_SIMULATION: Mike vs James - SUCCESS
2026-04-18 08:38:58,722 | INFO | END_SIMULATION: Mike vs Lila - SUCCESS
2026-04-18 08:39:04,407 | INFO | END_SIMULATION: Mike vs Sam - SUCCESS
2026-04-18 08:39:09,607 | INFO | END_SIMULATION: Priya vs David - SUCCESS
2026-04-18 08:39:15,355 | INFO | END_SIMULATION: Priya vs Chloe - SUCCESS
2026-04-18 08:39:20,920 | INFO | END_SIMULATION: Priya vs James - SUCCESS
2026-04-18 08:39:27,013 | INFO | END_SIMULATION: Priya vs Lila - SUCCESS
2026-04-18 08:39:32,945 | INFO | END_SIMULATION: Priya vs Sam - SUCCESS
2026-04-18 08:39:38,656 | INFO | END_SIMULATION: David vs Chloe - SUCCESS
2026-04-18 08:39:43,816 | INFO | END_SIMULATION: David vs James - SUCCESS
2026-04-18 08:39:49,850 | INFO | END_SIMULATION: David vs Lila - SUCCESS
2026-04-18 08:39:55,017 | INFO | END_SIMULATION: David vs Sam - SUCCESS
2026-04-18 08:40:00,514 | INFO | END_SIMULATION: Chloe vs James - SUCCESS
2026-04-18 08:40:06,686 | INFO | END_SIMULATION: Chloe vs Lila - SUCCESS
2026-04-18 08:40:12,527 | INFO | END_SIMULATION: Chloe vs Sam - SUCCESS
2026-04-18 08:40:18,653 | INFO | END_SIMULATION: James vs Lila - SUCCESS
2026-04-18 08:40:24,327 | INFO | END_SIMULATION: James vs Sam - SUCCESS
2026-04-18 08:40:30,315 | INFO | END_SIMULATION: Lila vs Sam - SUCCESS
2026-04-18 08:40:30,397 | INFO | Matrix saved to outputs\normal_score_matrix.csv
2026-04-18 08:40:30,403 | INFO | Matrix saved to outputs\judge_score_matrix.csv
2026-04-18 08:40:30,412 | INFO | Matrix saved to outputs\matches_score_matrix.csv
