2026-04-17 10:07:13,001 | INFO | END_SIMULATION: Arjun vs Elena - SUCCESS
2026-04-17 10:07:13,001 | INFO | END_SIMULATION: Arjun vs Elena - SUCCESS
2026-04-17 10:07:14,490 | INFO | END_SIMULATION: Arjun vs Sarah - SUCCESS
2026-04-17 10:07:14,490 | INFO | END_SIMULATION: Arjun vs Sarah - SUCCESS
2026-04-17 10:07:15,997 | INFO | END_SIMULATION: Arjun vs Mike - SUCCESS
2026-04-17 10:07:15,997 | INFO | END_SIMULATION: Arjun vs Mike - SUCCESS
2026-04-17 10:07:20,247 | INFO | END_SIMULATION: Arjun vs Priya - SUCCESS
2026-04-17 10:07:20,247 | INFO | END_SIMULATION: Arjun vs Priya - SUCCESS
2026-04-17 10:07:21,765 | INFO | END_SIMULATION: Arjun vs David - SUCCESS
2026-04-17 10:07:21,765 | INFO | END_SIMULATION: Arjun vs David - SUCCESS
2026-04-17 10:07:23,121 | INFO | END_SIMULATION: Arjun vs Chloe - SUCCESS
2026-04-17 10:07:23,121 | INFO | END_SIMULATION: Arjun vs Chloe - SUCCESS
2026-04-17 10:07:24,839 | INFO | END_SIMULATION: Arjun vs James - SUCCESS
2026-04-17 10:07:24,839 | INFO | END_SIMULATION: Arjun vs James - SUCCESS
2026-04-17 10:07:26,702 | INFO | END_SIMULATION: Arjun vs Lila - SUCCESS
2026-04-17 10:07:26,702 | INFO | END_SIMULATION: Arjun vs Lila - SUCCESS
2026-04-17 10:07:28,487 | INFO | END_SIMULATION: Arjun vs Sam - SUCCESS
2026-04-17 10:07:28,487 | INFO | END_SIMULATION: Arjun vs Sam - SUCCESS
2026-04-17 10:07:30,693 | INFO | END_SIMULATION: Elena vs Sarah - SUCCESS
2026-04-17 10:07:30,693 | INFO | END_SIMULATION: Elena vs Sarah - SUCCESS
2026-04-17 10:07:32,656 | INFO | END_SIMULATION: Elena vs Mike - SUCCESS
2026-04-17 10:07:32,656 | INFO | END_SIMULATION: Elena vs Mike - SUCCESS
2026-04-17 10:07:34,510 | INFO | END_SIMULATION: Elena vs Priya - SUCCESS
2026-04-17 10:07:34,510 | INFO | END_SIMULATION: Elena vs Priya - SUCCESS
2026-04-17 10:07:36,176 | INFO | END_SIMULATION: Elena vs David - SUCCESS
2026-04-17 10:07:36,176 | INFO | END_SIMULATION: Elena vs David - SUCCESS
2026-04-17 10:07:38,219 | INFO | END_SIMULATION: Elena vs Chloe - SUCCESS
2026-04-17 10:07:38,219 | INFO | END_SIMULATION: Elena vs Chloe - SUCCESS
2026-04-17 10:07:40,338 | INFO | END_SIMULATION: Elena vs James - SUCCESS
2026-04-17 10:07:40,338 | INFO | END_SIMULATION: Elena vs James - SUCCESS
2026-04-17 10:07:44,468 | INFO | END_SIMULATION: Elena vs Lila - SUCCESS
2026-04-17 10:07:44,468 | INFO | END_SIMULATION: Elena vs Lila - SUCCESS
2026-04-17 10:07:49,962 | INFO | END_SIMULATION: Elena vs Sam - SUCCESS
2026-04-17 10:07:49,962 | INFO | END_SIMULATION: Elena vs Sam - SUCCESS
2026-04-17 10:07:55,730 | INFO | END_SIMULATION: Sarah vs Mike - SUCCESS
2026-04-17 10:07:55,730 | INFO | END_SIMULATION: Sarah vs Mike - SUCCESS
2026-04-17 10:08:01,828 | INFO | END_SIMULATION: Sarah vs Priya - SUCCESS
2026-04-17 10:08:01,828 | INFO | END_SIMULATION: Sarah vs Priya - SUCCESS
2026-04-17 10:08:07,042 | INFO | END_SIMULATION: Sarah vs David - SUCCESS
2026-04-17 10:08:07,042 | INFO | END_SIMULATION: Sarah vs David - SUCCESS
2026-04-17 10:08:12,923 | INFO | END_SIMULATION: Sarah vs Chloe - SUCCESS
2026-04-17 10:08:12,923 | INFO | END_SIMULATION: Sarah vs Chloe - SUCCESS
2026-04-17 10:08:18,483 | INFO | END_SIMULATION: Sarah vs James - SUCCESS
2026-04-17 10:08:18,483 | INFO | END_SIMULATION: Sarah vs James - SUCCESS
2026-04-17 10:08:24,697 | INFO | END_SIMULATION: Sarah vs Lila - SUCCESS
2026-04-17 10:08:24,697 | INFO | END_SIMULATION: Sarah vs Lila - SUCCESS
2026-04-17 10:08:30,028 | INFO | END_SIMULATION: Sarah vs Sam - SUCCESS
2026-04-17 10:08:30,028 | INFO | END_SIMULATION: Sarah vs Sam - SUCCESS
2026-04-17 10:08:36,141 | INFO | END_SIMULATION: Mike vs Priya - SUCCESS
2026-04-17 10:08:36,141 | INFO | END_SIMULATION: Mike vs Priya - SUCCESS
2026-04-17 10:08:41,742 | INFO | END_SIMULATION: Mike vs David - SUCCESS
2026-04-17 10:08:41,742 | INFO | END_SIMULATION: Mike vs David - SUCCESS
2026-04-17 10:08:48,185 | INFO | END_SIMULATION: Mike vs Chloe - SUCCESS
2026-04-17 10:08:48,185 | INFO | END_SIMULATION: Mike vs Chloe - SUCCESS
2026-04-17 10:08:54,580 | INFO | END_SIMULATION: Mike vs James - SUCCESS
2026-04-17 10:08:54,580 | INFO | END_SIMULATION: Mike vs James - SUCCESS
2026-04-17 10:09:01,517 | INFO | END_SIMULATION: Mike vs Lila - SUCCESS
2026-04-17 10:09:01,517 | INFO | END_SIMULATION: Mike vs Lila - SUCCESS
2026-04-17 10:09:05,113 | INFO | END_SIMULATION: Mike vs Sam - SUCCESS
2026-04-17 10:09:05,113 | INFO | END_SIMULATION: Mike vs Sam - SUCCESS
2026-04-17 10:09:11,005 | INFO | END_SIMULATION: Priya vs David - SUCCESS
2026-04-17 10:09:11,005 | INFO | END_SIMULATION: Priya vs David - SUCCESS
2026-04-17 10:09:16,776 | INFO | END_SIMULATION: Priya vs Chloe - SUCCESS
2026-04-17 10:09:16,776 | INFO | END_SIMULATION: Priya vs Chloe - SUCCESS
2026-04-17 10:09:22,523 | INFO | END_SIMULATION: Priya vs James - SUCCESS
2026-04-17 10:09:22,523 | INFO | END_SIMULATION: Priya vs James - SUCCESS
2026-04-17 10:09:29,137 | INFO | END_SIMULATION: Priya vs Lila - SUCCESS
2026-04-17 10:09:29,137 | INFO | END_SIMULATION: Priya vs Lila - SUCCESS
2026-04-17 10:09:34,654 | INFO | END_SIMULATION: Priya vs Sam - SUCCESS
2026-04-17 10:09:34,654 | INFO | END_SIMULATION: Priya vs Sam - SUCCESS
2026-04-17 10:09:41,355 | INFO | END_SIMULATION: David vs Chloe - SUCCESS
2026-04-17 10:09:41,355 | INFO | END_SIMULATION: David vs Chloe - SUCCESS
2026-04-17 10:09:44,406 | INFO | END_SIMULATION: David vs James - SUCCESS
2026-04-17 10:09:44,406 | INFO | END_SIMULATION: David vs James - SUCCESS
2026-04-17 10:09:50,294 | INFO | END_SIMULATION: David vs Lila - SUCCESS
2026-04-17 10:09:50,294 | INFO | END_SIMULATION: David vs Lila - SUCCESS
2026-04-17 10:09:55,906 | INFO | END_SIMULATION: David vs Sam - SUCCESS
2026-04-17 10:09:55,906 | INFO | END_SIMULATION: David vs Sam - SUCCESS
2026-04-17 10:10:02,039 | INFO | END_SIMULATION: Chloe vs James - SUCCESS
2026-04-17 10:10:02,039 | INFO | END_SIMULATION: Chloe vs James - SUCCESS
2026-04-17 10:10:08,039 | INFO | END_SIMULATION: Chloe vs Lila - SUCCESS
2026-04-17 10:10:08,039 | INFO | END_SIMULATION: Chloe vs Lila - SUCCESS
2026-04-17 10:10:13,636 | INFO | END_SIMULATION: Chloe vs Sam - SUCCESS
2026-04-17 10:10:13,636 | INFO | END_SIMULATION: Chloe vs Sam - SUCCESS
2026-04-17 10:10:19,596 | INFO | END_SIMULATION: James vs Lila - SUCCESS
2026-04-17 10:10:19,596 | INFO | END_SIMULATION: James vs Lila - SUCCESS
2026-04-17 10:10:25,487 | INFO | END_SIMULATION: James vs Sam - SUCCESS
2026-04-17 10:10:25,487 | INFO | END_SIMULATION: James vs Sam - SUCCESS
2026-04-17 10:10:31,948 | INFO | END_SIMULATION: Lila vs Sam - SUCCESS
2026-04-17 10:10:31,948 | INFO | END_SIMULATION: Lila vs Sam - SUCCESS
2026-04-17 10:10:31,999 | INFO | Matrix saved to outputs\normal_score_matrix.csv
2026-04-17 10:10:31,999 | INFO | Matrix saved to outputs\normal_score_matrix.csv
2026-04-17 10:10:32,002 | INFO | Matrix saved to outputs\judge_score_matrix.csv
2026-04-17 10:10:32,002 | INFO | Matrix saved to outputs\judge_score_matrix.csv
2026-04-17 10:10:32,008 | INFO | Matrix saved to outputs\matches_score_matrix.csv
2026-04-17 10:10:32,008 | INFO | Matrix saved to outputs\matches_score_matrix.csv
2026-04-17 10:11:08,703 | ERROR | Error in optimization: unsupported operand type(s) for -: 'int' and 'str'
2026-04-17 10:11:08,703 | ERROR | Error in optimization: unsupported operand type(s) for -: 'int' and 'str'
