2026-04-16 14:26:08,677 | INFO | END_SIMULATION: Arjun vs Elena - SUCCESS
2026-04-16 14:26:14,927 | INFO | END_SIMULATION: Arjun vs Sarah - SUCCESS
2026-04-16 14:26:20,763 | INFO | END_SIMULATION: Arjun vs Mike - SUCCESS
2026-04-16 14:26:25,834 | INFO | END_SIMULATION: Arjun vs Priya - SUCCESS
2026-04-16 14:26:31,883 | INFO | END_SIMULATION: Arjun vs David - SUCCESS
2026-04-16 14:26:45,365 | INFO | END_SIMULATION: Arjun vs Chloe - SUCCESS
2026-04-16 14:27:01,419 | INFO | END_SIMULATION: Arjun vs James - SUCCESS
2026-04-16 14:27:20,790 | INFO | END_SIMULATION: Arjun vs Lila - SUCCESS
2026-04-16 14:27:39,049 | INFO | END_SIMULATION: Arjun vs Sam - SUCCESS
2026-04-16 14:28:00,367 | INFO | END_SIMULATION: Elena vs Sarah - SUCCESS
2026-04-16 14:28:18,792 | INFO | END_SIMULATION: Elena vs Mike - SUCCESS
2026-04-16 14:28:35,662 | INFO | END_SIMULATION: Elena vs Priya - SUCCESS
2026-04-16 14:28:55,395 | INFO | END_SIMULATION: Elena vs David - SUCCESS
2026-04-16 14:29:26,565 | INFO | END_SIMULATION: Elena vs Chloe - SUCCESS
2026-04-16 14:29:59,465 | INFO | END_SIMULATION: Elena vs James - SUCCESS
2026-04-16 14:30:27,779 | INFO | END_SIMULATION: Elena vs Lila - SUCCESS
2026-04-16 14:30:43,767 | INFO | END_SIMULATION: Elena vs Sam - SUCCESS
2026-04-16 14:31:07,875 | INFO | END_SIMULATION: Sarah vs Mike - SUCCESS
2026-04-16 14:31:24,114 | INFO | END_SIMULATION: Sarah vs Priya - SUCCESS
2026-04-16 14:31:36,544 | INFO | END_SIMULATION: Sarah vs David - SUCCESS
2026-04-16 14:31:55,017 | INFO | END_SIMULATION: Sarah vs Chloe - SUCCESS
2026-04-16 14:32:11,680 | INFO | END_SIMULATION: Sarah vs James - SUCCESS
2026-04-16 14:32:35,686 | INFO | END_SIMULATION: Sarah vs Lila - SUCCESS
2026-04-16 14:32:52,301 | INFO | END_SIMULATION: Sarah vs Sam - SUCCESS
2026-04-16 14:33:08,256 | INFO | END_SIMULATION: Mike vs Priya - SUCCESS
