2026-04-16 14:57:46,138 | INFO | END_SIMULATION: Arjun vs Elena - SUCCESS
2026-04-16 14:57:46,138 | INFO | END_SIMULATION: Arjun vs Elena - SUCCESS
2026-04-16 14:57:47,222 | INFO | END_SIMULATION: Arjun vs Sarah - SUCCESS
2026-04-16 14:57:47,222 | INFO | END_SIMULATION: Arjun vs Sarah - SUCCESS
2026-04-16 14:57:48,712 | INFO | END_SIMULATION: Arjun vs Mike - SUCCESS
2026-04-16 14:57:48,712 | INFO | END_SIMULATION: Arjun vs Mike - SUCCESS
2026-04-16 14:57:50,392 | INFO | END_SIMULATION: Arjun vs Priya - SUCCESS
2026-04-16 14:57:50,392 | INFO | END_SIMULATION: Arjun vs Priya - SUCCESS
2026-04-16 14:57:51,506 | INFO | END_SIMULATION: Arjun vs David - SUCCESS
2026-04-16 14:57:51,506 | INFO | END_SIMULATION: Arjun vs David - SUCCESS
2026-04-16 14:57:53,361 | INFO | END_SIMULATION: Arjun vs Chloe - SUCCESS
2026-04-16 14:57:53,361 | INFO | END_SIMULATION: Arjun vs Chloe - SUCCESS
2026-04-16 14:57:54,516 | INFO | END_SIMULATION: Arjun vs James - SUCCESS
2026-04-16 14:57:54,516 | INFO | END_SIMULATION: Arjun vs James - SUCCESS
2026-04-16 14:57:56,045 | INFO | END_SIMULATION: Arjun vs Lila - SUCCESS
2026-04-16 14:57:56,045 | INFO | END_SIMULATION: Arjun vs Lila - SUCCESS
2026-04-16 14:57:57,324 | INFO | END_SIMULATION: Arjun vs Sam - SUCCESS
2026-04-16 14:57:57,324 | INFO | END_SIMULATION: Arjun vs Sam - SUCCESS
2026-04-16 14:57:59,081 | INFO | END_SIMULATION: Elena vs Sarah - SUCCESS
2026-04-16 14:57:59,081 | INFO | END_SIMULATION: Elena vs Sarah - SUCCESS
2026-04-16 14:58:00,993 | INFO | END_SIMULATION: Elena vs Mike - SUCCESS
2026-04-16 14:58:00,993 | INFO | END_SIMULATION: Elena vs Mike - SUCCESS
2026-04-16 14:58:03,183 | INFO | END_SIMULATION: Elena vs Priya - SUCCESS
2026-04-16 14:58:03,183 | INFO | END_SIMULATION: Elena vs Priya - SUCCESS
2026-04-16 14:58:04,948 | INFO | END_SIMULATION: Elena vs David - SUCCESS
2026-04-16 14:58:04,948 | INFO | END_SIMULATION: Elena vs David - SUCCESS
2026-04-16 14:58:07,067 | INFO | END_SIMULATION: Elena vs Chloe - SUCCESS
2026-04-16 14:58:07,067 | INFO | END_SIMULATION: Elena vs Chloe - SUCCESS
2026-04-16 14:58:09,174 | INFO | END_SIMULATION: Elena vs James - SUCCESS
2026-04-16 14:58:09,174 | INFO | END_SIMULATION: Elena vs James - SUCCESS
2026-04-16 14:58:13,357 | INFO | END_SIMULATION: Elena vs Lila - SUCCESS
2026-04-16 14:58:13,357 | INFO | END_SIMULATION: Elena vs Lila - SUCCESS
2026-04-16 14:58:19,073 | INFO | END_SIMULATION: Elena vs Sam - SUCCESS
2026-04-16 14:58:19,073 | INFO | END_SIMULATION: Elena vs Sam - SUCCESS
2026-04-16 14:58:24,697 | INFO | END_SIMULATION: Sarah vs Mike - SUCCESS
2026-04-16 14:58:24,697 | INFO | END_SIMULATION: Sarah vs Mike - SUCCESS
2026-04-16 14:58:30,099 | INFO | END_SIMULATION: Sarah vs Priya - SUCCESS
2026-04-16 14:58:30,099 | INFO | END_SIMULATION: Sarah vs Priya - SUCCESS
2026-04-16 14:58:35,639 | INFO | END_SIMULATION: Sarah vs David - SUCCESS
2026-04-16 14:58:35,639 | INFO | END_SIMULATION: Sarah vs David - SUCCESS
2026-04-16 14:58:41,431 | INFO | END_SIMULATION: Sarah vs Chloe - SUCCESS
2026-04-16 14:58:41,431 | INFO | END_SIMULATION: Sarah vs Chloe - SUCCESS
2026-04-16 14:58:46,793 | INFO | END_SIMULATION: Sarah vs James - SUCCESS
2026-04-16 14:58:46,793 | INFO | END_SIMULATION: Sarah vs James - SUCCESS
2026-04-16 14:58:52,654 | INFO | END_SIMULATION: Sarah vs Lila - SUCCESS
2026-04-16 14:58:52,654 | INFO | END_SIMULATION: Sarah vs Lila - SUCCESS
2026-04-16 14:58:58,265 | INFO | END_SIMULATION: Sarah vs Sam - SUCCESS
2026-04-16 14:58:58,265 | INFO | END_SIMULATION: Sarah vs Sam - SUCCESS
2026-04-16 14:59:03,994 | INFO | END_SIMULATION: Mike vs Priya - SUCCESS
2026-04-16 14:59:03,994 | INFO | END_SIMULATION: Mike vs Priya - SUCCESS
2026-04-16 14:59:09,634 | INFO | END_SIMULATION: Mike vs David - SUCCESS
2026-04-16 14:59:09,634 | INFO | END_SIMULATION: Mike vs David - SUCCESS
2026-04-16 14:59:15,502 | INFO | END_SIMULATION: Mike vs Chloe - SUCCESS
2026-04-16 14:59:15,502 | INFO | END_SIMULATION: Mike vs Chloe - SUCCESS
2026-04-16 14:59:21,159 | INFO | END_SIMULATION: Mike vs James - SUCCESS
2026-04-16 14:59:21,159 | INFO | END_SIMULATION: Mike vs James - SUCCESS
2026-04-16 14:59:27,311 | INFO | END_SIMULATION: Mike vs Lila - SUCCESS
2026-04-16 14:59:27,311 | INFO | END_SIMULATION: Mike vs Lila - SUCCESS
2026-04-16 14:59:34,496 | INFO | END_SIMULATION: Mike vs Sam - SUCCESS
2026-04-16 14:59:34,496 | INFO | END_SIMULATION: Mike vs Sam - SUCCESS
2026-04-16 14:59:37,971 | INFO | END_SIMULATION: Priya vs David - SUCCESS
2026-04-16 14:59:37,971 | INFO | END_SIMULATION: Priya vs David - SUCCESS
2026-04-16 14:59:43,158 | INFO | END_SIMULATION: Priya vs Chloe - SUCCESS
2026-04-16 14:59:43,158 | INFO | END_SIMULATION: Priya vs Chloe - SUCCESS
2026-04-16 14:59:48,632 | INFO | END_SIMULATION: Priya vs James - SUCCESS
2026-04-16 14:59:48,632 | INFO | END_SIMULATION: Priya vs James - SUCCESS
2026-04-16 14:59:54,609 | INFO | END_SIMULATION: Priya vs Lila - SUCCESS
2026-04-16 14:59:54,609 | INFO | END_SIMULATION: Priya vs Lila - SUCCESS
2026-04-16 14:59:59,973 | INFO | END_SIMULATION: Priya vs Sam - SUCCESS
2026-04-16 14:59:59,973 | INFO | END_SIMULATION: Priya vs Sam - SUCCESS
2026-04-16 15:00:05,498 | INFO | END_SIMULATION: David vs Chloe - SUCCESS
2026-04-16 15:00:05,498 | INFO | END_SIMULATION: David vs Chloe - SUCCESS
2026-04-16 15:00:11,399 | INFO | END_SIMULATION: David vs James - SUCCESS
2026-04-16 15:00:11,399 | INFO | END_SIMULATION: David vs James - SUCCESS
2026-04-16 15:00:17,517 | INFO | END_SIMULATION: David vs Lila - SUCCESS
2026-04-16 15:00:17,517 | INFO | END_SIMULATION: David vs Lila - SUCCESS
2026-04-16 15:00:22,804 | INFO | END_SIMULATION: David vs Sam - SUCCESS
2026-04-16 15:00:22,804 | INFO | END_SIMULATION: David vs Sam - SUCCESS
2026-04-16 15:00:28,700 | INFO | END_SIMULATION: Chloe vs James - SUCCESS
2026-04-16 15:00:28,700 | INFO | END_SIMULATION: Chloe vs James - SUCCESS
2026-04-16 15:00:34,916 | INFO | END_SIMULATION: Chloe vs Lila - SUCCESS
2026-04-16 15:00:34,916 | INFO | END_SIMULATION: Chloe vs Lila - SUCCESS
2026-04-16 15:00:40,996 | INFO | END_SIMULATION: Chloe vs Sam - SUCCESS
2026-04-16 15:00:40,996 | INFO | END_SIMULATION: Chloe vs Sam - SUCCESS
2026-04-16 15:00:47,490 | INFO | END_SIMULATION: James vs Lila - SUCCESS
2026-04-16 15:00:47,490 | INFO | END_SIMULATION: James vs Lila - SUCCESS
2026-04-16 15:00:53,725 | INFO | END_SIMULATION: James vs Sam - SUCCESS
2026-04-16 15:00:53,725 | INFO | END_SIMULATION: James vs Sam - SUCCESS
2026-04-16 15:01:00,368 | INFO | END_SIMULATION: Lila vs Sam - SUCCESS
2026-04-16 15:01:00,368 | INFO | END_SIMULATION: Lila vs Sam - SUCCESS
2026-04-16 15:01:00,427 | INFO | Matrix saved to outputs\normal_score_matrix.csv
2026-04-16 15:01:00,427 | INFO | Matrix saved to outputs\normal_score_matrix.csv
2026-04-16 15:01:00,430 | INFO | Matrix saved to outputs\judge_score_matrix.csv
2026-04-16 15:01:00,430 | INFO | Matrix saved to outputs\judge_score_matrix.csv
2026-04-16 15:01:00,433 | INFO | Matrix saved to outputs\matches_score_matrix_.csv
2026-04-16 15:01:00,433 | INFO | Matrix saved to outputs\matches_score_matrix_.csv
