2026-04-16 14:48:28,874 | INFO | END_SIMULATION: Arjun vs Elena - SUCCESS
2026-04-16 14:48:30,048 | INFO | END_SIMULATION: Arjun vs Sarah - SUCCESS
2026-04-16 14:48:31,475 | INFO | END_SIMULATION: Arjun vs Mike - SUCCESS
2026-04-16 14:48:32,630 | INFO | END_SIMULATION: Arjun vs Priya - SUCCESS
2026-04-16 14:48:34,110 | INFO | END_SIMULATION: Arjun vs David - SUCCESS
2026-04-16 14:48:35,434 | INFO | END_SIMULATION: Arjun vs Chloe - SUCCESS
2026-04-16 14:48:36,942 | INFO | END_SIMULATION: Arjun vs James - SUCCESS
2026-04-16 14:48:38,748 | INFO | END_SIMULATION: Arjun vs Lila - SUCCESS
2026-04-16 14:48:39,870 | INFO | END_SIMULATION: Arjun vs Sam - SUCCESS
2026-04-16 14:48:41,720 | INFO | END_SIMULATION: Elena vs Sarah - SUCCESS
2026-04-16 14:48:43,440 | INFO | END_SIMULATION: Elena vs Mike - SUCCESS
2026-04-16 14:48:45,784 | INFO | END_SIMULATION: Elena vs Priya - SUCCESS
2026-04-16 14:48:47,627 | INFO | END_SIMULATION: Elena vs David - SUCCESS
2026-04-16 14:48:49,988 | INFO | END_SIMULATION: Elena vs Chloe - SUCCESS
2026-04-16 14:48:51,398 | INFO | END_SIMULATION: Elena vs James - SUCCESS
2026-04-16 14:48:57,717 | INFO | END_SIMULATION: Elena vs Lila - SUCCESS
2026-04-16 14:49:03,320 | INFO | END_SIMULATION: Elena vs Sam - SUCCESS
2026-04-16 14:49:08,809 | INFO | END_SIMULATION: Sarah vs Mike - SUCCESS
2026-04-16 14:49:13,946 | INFO | END_SIMULATION: Sarah vs Priya - SUCCESS
2026-04-16 14:49:19,230 | INFO | END_SIMULATION: Sarah vs David - SUCCESS
2026-04-16 14:49:24,660 | INFO | END_SIMULATION: Sarah vs Chloe - SUCCESS
2026-04-16 14:49:30,140 | INFO | END_SIMULATION: Sarah vs James - SUCCESS
2026-04-16 14:49:36,329 | INFO | END_SIMULATION: Sarah vs Lila - SUCCESS
2026-04-16 14:49:42,615 | INFO | END_SIMULATION: Sarah vs Sam - SUCCESS
2026-04-16 14:49:46,582 | INFO | END_SIMULATION: Mike vs Priya - SUCCESS
2026-04-16 14:49:52,172 | INFO | END_SIMULATION: Mike vs David - SUCCESS
2026-04-16 14:49:58,502 | INFO | END_SIMULATION: Mike vs Chloe - SUCCESS
2026-04-16 14:50:03,827 | INFO | END_SIMULATION: Mike vs James - SUCCESS
2026-04-16 14:50:09,957 | INFO | END_SIMULATION: Mike vs Lila - SUCCESS
2026-04-16 14:50:15,573 | INFO | END_SIMULATION: Mike vs Sam - SUCCESS
2026-04-16 14:50:21,111 | INFO | END_SIMULATION: Priya vs David - SUCCESS
2026-04-16 14:50:27,254 | INFO | END_SIMULATION: Priya vs Chloe - SUCCESS
2026-04-16 14:50:33,296 | INFO | END_SIMULATION: Priya vs James - SUCCESS
2026-04-16 14:50:39,634 | INFO | END_SIMULATION: Priya vs Lila - SUCCESS
2026-04-16 14:50:45,234 | INFO | END_SIMULATION: Priya vs Sam - SUCCESS
2026-04-16 14:50:51,661 | INFO | END_SIMULATION: David vs Chloe - SUCCESS
2026-04-16 14:50:55,610 | INFO | END_SIMULATION: David vs James - SUCCESS
2026-04-16 14:51:01,315 | INFO | END_SIMULATION: David vs Lila - SUCCESS
2026-04-16 14:51:06,697 | INFO | END_SIMULATION: David vs Sam - SUCCESS
2026-04-16 14:51:12,470 | INFO | END_SIMULATION: Chloe vs James - SUCCESS
2026-04-16 14:51:18,448 | INFO | END_SIMULATION: Chloe vs Lila - SUCCESS
2026-04-16 14:51:23,984 | INFO | END_SIMULATION: Chloe vs Sam - SUCCESS
2026-04-16 14:51:29,746 | INFO | END_SIMULATION: James vs Lila - SUCCESS
2026-04-16 14:51:35,341 | INFO | END_SIMULATION: James vs Sam - SUCCESS
2026-04-16 14:51:41,258 | INFO | END_SIMULATION: Lila vs Sam - SUCCESS
2026-04-16 14:51:41,317 | INFO | Matrix saved to outputs\normal_score_matrix.csv
2026-04-16 14:51:41,320 | INFO | Matrix saved to outputs\judge_score_matrix.csv
