2026-04-16 14:41:31,827 | INFO | END_SIMULATION: Arjun vs Elena - SUCCESS
2026-04-16 14:41:31,827 | INFO | END_SIMULATION: Arjun vs Elena - SUCCESS
2026-04-16 14:41:32,910 | INFO | END_SIMULATION: Arjun vs Sarah - SUCCESS
2026-04-16 14:41:32,910 | INFO | END_SIMULATION: Arjun vs Sarah - SUCCESS
2026-04-16 14:41:34,595 | INFO | END_SIMULATION: Arjun vs Mike - SUCCESS
2026-04-16 14:41:34,595 | INFO | END_SIMULATION: Arjun vs Mike - SUCCESS
2026-04-16 14:41:36,344 | INFO | END_SIMULATION: Arjun vs Priya - SUCCESS
2026-04-16 14:41:36,344 | INFO | END_SIMULATION: Arjun vs Priya - SUCCESS
2026-04-16 14:41:37,834 | INFO | END_SIMULATION: Arjun vs David - SUCCESS
2026-04-16 14:41:37,834 | INFO | END_SIMULATION: Arjun vs David - SUCCESS
2026-04-16 14:41:39,725 | INFO | END_SIMULATION: Arjun vs Chloe - SUCCESS
2026-04-16 14:41:39,725 | INFO | END_SIMULATION: Arjun vs Chloe - SUCCESS
2026-04-16 14:41:40,885 | INFO | END_SIMULATION: Arjun vs James - SUCCESS
2026-04-16 14:41:40,885 | INFO | END_SIMULATION: Arjun vs James - SUCCESS
2026-04-16 14:41:42,945 | INFO | END_SIMULATION: Arjun vs Lila - SUCCESS
2026-04-16 14:41:42,945 | INFO | END_SIMULATION: Arjun vs Lila - SUCCESS
2026-04-16 14:41:44,670 | INFO | END_SIMULATION: Arjun vs Sam - SUCCESS
2026-04-16 14:41:44,670 | INFO | END_SIMULATION: Arjun vs Sam - SUCCESS
2026-04-16 14:41:46,561 | INFO | END_SIMULATION: Elena vs Sarah - SUCCESS
2026-04-16 14:41:46,561 | INFO | END_SIMULATION: Elena vs Sarah - SUCCESS
2026-04-16 14:41:49,215 | INFO | END_SIMULATION: Elena vs Mike - SUCCESS
2026-04-16 14:41:49,215 | INFO | END_SIMULATION: Elena vs Mike - SUCCESS
2026-04-16 14:41:52,697 | INFO | END_SIMULATION: Elena vs Priya - SUCCESS
2026-04-16 14:41:52,697 | INFO | END_SIMULATION: Elena vs Priya - SUCCESS
2026-04-16 14:41:54,735 | INFO | END_SIMULATION: Elena vs David - SUCCESS
2026-04-16 14:41:54,735 | INFO | END_SIMULATION: Elena vs David - SUCCESS
2026-04-16 14:41:57,020 | INFO | END_SIMULATION: Elena vs Chloe - SUCCESS
2026-04-16 14:41:57,020 | INFO | END_SIMULATION: Elena vs Chloe - SUCCESS
2026-04-16 14:41:58,907 | INFO | END_SIMULATION: Elena vs James - SUCCESS
2026-04-16 14:41:58,907 | INFO | END_SIMULATION: Elena vs James - SUCCESS
2026-04-16 14:42:03,178 | INFO | END_SIMULATION: Elena vs Lila - SUCCESS
2026-04-16 14:42:03,178 | INFO | END_SIMULATION: Elena vs Lila - SUCCESS
2026-04-16 14:42:09,122 | INFO | END_SIMULATION: Elena vs Sam - SUCCESS
2026-04-16 14:42:09,122 | INFO | END_SIMULATION: Elena vs Sam - SUCCESS
2026-04-16 14:42:15,530 | INFO | END_SIMULATION: Sarah vs Mike - SUCCESS
2026-04-16 14:42:15,530 | INFO | END_SIMULATION: Sarah vs Mike - SUCCESS
2026-04-16 14:42:21,046 | INFO | END_SIMULATION: Sarah vs Priya - SUCCESS
2026-04-16 14:42:21,046 | INFO | END_SIMULATION: Sarah vs Priya - SUCCESS
2026-04-16 14:42:26,493 | INFO | END_SIMULATION: Sarah vs David - SUCCESS
2026-04-16 14:42:26,493 | INFO | END_SIMULATION: Sarah vs David - SUCCESS
2026-04-16 14:42:32,310 | INFO | END_SIMULATION: Sarah vs Chloe - SUCCESS
2026-04-16 14:42:32,310 | INFO | END_SIMULATION: Sarah vs Chloe - SUCCESS
2026-04-16 14:42:38,565 | INFO | END_SIMULATION: Sarah vs James - SUCCESS
2026-04-16 14:42:38,565 | INFO | END_SIMULATION: Sarah vs James - SUCCESS
2026-04-16 14:42:44,289 | INFO | END_SIMULATION: Sarah vs Lila - SUCCESS
2026-04-16 14:42:44,289 | INFO | END_SIMULATION: Sarah vs Lila - SUCCESS
2026-04-16 14:42:49,707 | INFO | END_SIMULATION: Sarah vs Sam - SUCCESS
2026-04-16 14:42:49,707 | INFO | END_SIMULATION: Sarah vs Sam - SUCCESS
2026-04-16 14:42:55,546 | INFO | END_SIMULATION: Mike vs Priya - SUCCESS
2026-04-16 14:42:55,546 | INFO | END_SIMULATION: Mike vs Priya - SUCCESS
2026-04-16 14:43:01,979 | INFO | END_SIMULATION: Mike vs David - SUCCESS
2026-04-16 14:43:01,979 | INFO | END_SIMULATION: Mike vs David - SUCCESS
2026-04-16 14:43:07,606 | INFO | END_SIMULATION: Mike vs Chloe - SUCCESS
2026-04-16 14:43:07,606 | INFO | END_SIMULATION: Mike vs Chloe - SUCCESS
2026-04-16 14:43:13,218 | INFO | END_SIMULATION: Mike vs James - SUCCESS
2026-04-16 14:43:13,218 | INFO | END_SIMULATION: Mike vs James - SUCCESS
2026-04-16 14:43:19,413 | INFO | END_SIMULATION: Mike vs Lila - SUCCESS
2026-04-16 14:43:19,413 | INFO | END_SIMULATION: Mike vs Lila - SUCCESS
2026-04-16 14:43:25,641 | INFO | END_SIMULATION: Mike vs Sam - SUCCESS
2026-04-16 14:43:25,641 | INFO | END_SIMULATION: Mike vs Sam - SUCCESS
2026-04-16 14:43:31,325 | INFO | END_SIMULATION: Priya vs David - SUCCESS
2026-04-16 14:43:31,325 | INFO | END_SIMULATION: Priya vs David - SUCCESS
2026-04-16 14:43:37,253 | INFO | END_SIMULATION: Priya vs Chloe - SUCCESS
2026-04-16 14:43:37,253 | INFO | END_SIMULATION: Priya vs Chloe - SUCCESS
2026-04-16 14:43:42,850 | INFO | END_SIMULATION: Priya vs James - SUCCESS
2026-04-16 14:43:42,850 | INFO | END_SIMULATION: Priya vs James - SUCCESS
2026-04-16 14:43:48,558 | INFO | END_SIMULATION: Priya vs Lila - SUCCESS
2026-04-16 14:43:48,558 | INFO | END_SIMULATION: Priya vs Lila - SUCCESS
2026-04-16 14:43:54,147 | INFO | END_SIMULATION: Priya vs Sam - SUCCESS
2026-04-16 14:43:54,147 | INFO | END_SIMULATION: Priya vs Sam - SUCCESS
2026-04-16 14:43:59,339 | INFO | END_SIMULATION: David vs Chloe - SUCCESS
2026-04-16 14:43:59,339 | INFO | END_SIMULATION: David vs Chloe - SUCCESS
2026-04-16 14:44:04,687 | INFO | END_SIMULATION: David vs James - SUCCESS
2026-04-16 14:44:04,687 | INFO | END_SIMULATION: David vs James - SUCCESS
2026-04-16 14:44:10,507 | INFO | END_SIMULATION: David vs Lila - SUCCESS
2026-04-16 14:44:10,507 | INFO | END_SIMULATION: David vs Lila - SUCCESS
2026-04-16 14:44:15,765 | INFO | END_SIMULATION: David vs Sam - SUCCESS
2026-04-16 14:44:15,765 | INFO | END_SIMULATION: David vs Sam - SUCCESS
2026-04-16 14:44:21,505 | INFO | END_SIMULATION: Chloe vs James - SUCCESS
2026-04-16 14:44:21,505 | INFO | END_SIMULATION: Chloe vs James - SUCCESS
2026-04-16 14:44:28,162 | INFO | END_SIMULATION: Chloe vs Lila - SUCCESS
2026-04-16 14:44:28,162 | INFO | END_SIMULATION: Chloe vs Lila - SUCCESS
2026-04-16 14:44:34,358 | INFO | END_SIMULATION: Chloe vs Sam - SUCCESS
2026-04-16 14:44:34,358 | INFO | END_SIMULATION: Chloe vs Sam - SUCCESS
2026-04-16 14:44:40,420 | INFO | END_SIMULATION: James vs Lila - SUCCESS
2026-04-16 14:44:40,420 | INFO | END_SIMULATION: James vs Lila - SUCCESS
2026-04-16 14:44:46,108 | INFO | END_SIMULATION: James vs Sam - SUCCESS
2026-04-16 14:44:46,108 | INFO | END_SIMULATION: James vs Sam - SUCCESS
2026-04-16 14:44:51,726 | INFO | END_SIMULATION: Lila vs Sam - SUCCESS
2026-04-16 14:44:51,726 | INFO | END_SIMULATION: Lila vs Sam - SUCCESS
2026-04-16 14:44:51,791 | INFO | Matrix saved to outputs\normal_score_matrix_20260416_144451.csv
2026-04-16 14:44:51,791 | INFO | Matrix saved to outputs\normal_score_matrix_20260416_144451.csv
2026-04-16 14:44:51,793 | INFO | Matrix saved to outputs\judge_score_matrix_20260416_144451.csv
2026-04-16 14:44:51,793 | INFO | Matrix saved to outputs\judge_score_matrix_20260416_144451.csv
