2026-04-17 09:55:23,025 | INFO | END_SIMULATION: Arjun vs Elena - SUCCESS
2026-04-17 09:55:24,044 | INFO | END_SIMULATION: Arjun vs Sarah - SUCCESS
2026-04-17 09:55:25,414 | INFO | END_SIMULATION: Arjun vs Mike - SUCCESS
2026-04-17 09:55:26,772 | INFO | END_SIMULATION: Arjun vs Priya - SUCCESS
2026-04-17 09:55:27,883 | INFO | END_SIMULATION: Arjun vs David - SUCCESS
2026-04-17 09:55:29,089 | INFO | END_SIMULATION: Arjun vs Chloe - SUCCESS
2026-04-17 09:55:30,416 | INFO | END_SIMULATION: Arjun vs James - SUCCESS
2026-04-17 09:55:32,033 | INFO | END_SIMULATION: Arjun vs Lila - SUCCESS
2026-04-17 09:55:33,757 | INFO | END_SIMULATION: Arjun vs Sam - SUCCESS
2026-04-17 09:55:35,114 | INFO | END_SIMULATION: Elena vs Sarah - SUCCESS
2026-04-17 09:55:37,373 | INFO | END_SIMULATION: Elena vs Mike - SUCCESS
2026-04-17 09:55:38,896 | INFO | END_SIMULATION: Elena vs Priya - SUCCESS
2026-04-17 09:55:40,506 | INFO | END_SIMULATION: Elena vs David - SUCCESS
2026-04-17 09:55:42,386 | INFO | END_SIMULATION: Elena vs Chloe - SUCCESS
2026-04-17 09:55:44,294 | INFO | END_SIMULATION: Elena vs James - SUCCESS
2026-04-17 09:55:50,556 | INFO | END_SIMULATION: Elena vs Lila - SUCCESS
2026-04-17 09:55:56,254 | INFO | END_SIMULATION: Elena vs Sam - SUCCESS
2026-04-17 09:56:01,755 | INFO | END_SIMULATION: Sarah vs Mike - SUCCESS
2026-04-17 09:56:06,940 | INFO | END_SIMULATION: Sarah vs Priya - SUCCESS
2026-04-17 09:56:12,700 | INFO | END_SIMULATION: Sarah vs David - SUCCESS
2026-04-17 09:56:17,932 | INFO | END_SIMULATION: Sarah vs Chloe - SUCCESS
2026-04-17 09:56:23,113 | INFO | END_SIMULATION: Sarah vs James - SUCCESS
2026-04-17 09:56:28,758 | INFO | END_SIMULATION: Sarah vs Lila - SUCCESS
2026-04-17 09:56:34,342 | INFO | END_SIMULATION: Sarah vs Sam - SUCCESS
2026-04-17 09:56:40,696 | INFO | END_SIMULATION: Mike vs Priya - SUCCESS
2026-04-17 09:56:46,367 | INFO | END_SIMULATION: Mike vs David - SUCCESS
2026-04-17 09:56:53,128 | INFO | END_SIMULATION: Mike vs Chloe - SUCCESS
2026-04-17 09:56:59,581 | INFO | END_SIMULATION: Mike vs James - SUCCESS
2026-04-17 09:57:06,235 | INFO | END_SIMULATION: Mike vs Lila - SUCCESS
2026-04-17 09:57:12,244 | INFO | END_SIMULATION: Mike vs Sam - SUCCESS
2026-04-17 09:57:17,499 | INFO | END_SIMULATION: Priya vs David - SUCCESS
2026-04-17 09:57:23,651 | INFO | END_SIMULATION: Priya vs Chloe - SUCCESS
2026-04-17 09:57:29,236 | INFO | END_SIMULATION: Priya vs James - SUCCESS
2026-04-17 09:57:35,133 | INFO | END_SIMULATION: Priya vs Lila - SUCCESS
2026-04-17 09:57:40,805 | INFO | END_SIMULATION: Priya vs Sam - SUCCESS
2026-04-17 09:57:46,434 | INFO | END_SIMULATION: David vs Chloe - SUCCESS
2026-04-17 09:57:51,888 | INFO | END_SIMULATION: David vs James - SUCCESS
2026-04-17 09:57:58,611 | INFO | END_SIMULATION: David vs Lila - SUCCESS
2026-04-17 09:58:01,908 | INFO | END_SIMULATION: David vs Sam - SUCCESS
2026-04-17 09:58:07,697 | INFO | END_SIMULATION: Chloe vs James - SUCCESS
2026-04-17 09:58:13,831 | INFO | END_SIMULATION: Chloe vs Lila - SUCCESS
2026-04-17 09:58:19,375 | INFO | END_SIMULATION: Chloe vs Sam - SUCCESS
2026-04-17 09:58:25,224 | INFO | END_SIMULATION: James vs Lila - SUCCESS
2026-04-17 09:58:31,250 | INFO | END_SIMULATION: James vs Sam - SUCCESS
2026-04-17 09:58:37,468 | INFO | END_SIMULATION: Lila vs Sam - SUCCESS
2026-04-17 09:58:37,509 | INFO | Matrix saved to outputs\normal_score_matrix.csv
2026-04-17 09:58:37,513 | INFO | Matrix saved to outputs\judge_score_matrix.csv
2026-04-17 09:58:37,521 | INFO | Matrix saved to outputs\matches_score_matrix.csv
2026-04-17 09:59:11,845 | ERROR | Error in optimization: Error tokenizing data. C error: Expected 11 fields in line 3, saw 12

