2026-04-17 10:42:11,913 | INFO | END_SIMULATION: Arjun vs Elena - SUCCESS
2026-04-17 10:42:13,138 | INFO | END_SIMULATION: Arjun vs Sarah - SUCCESS
2026-04-17 10:42:14,867 | INFO | END_SIMULATION: Arjun vs Mike - SUCCESS
2026-04-17 10:42:15,871 | INFO | END_SIMULATION: Arjun vs Priya - SUCCESS
2026-04-17 10:42:17,021 | INFO | END_SIMULATION: Arjun vs David - SUCCESS
2026-04-17 10:42:18,428 | INFO | END_SIMULATION: Arjun vs Chloe - SUCCESS
2026-04-17 10:42:19,746 | INFO | END_SIMULATION: Arjun vs James - SUCCESS
2026-04-17 10:42:21,171 | INFO | END_SIMULATION: Arjun vs Lila - SUCCESS
2026-04-17 10:42:22,565 | INFO | END_SIMULATION: Arjun vs Sam - SUCCESS
2026-04-17 10:42:24,392 | INFO | END_SIMULATION: Elena vs Sarah - SUCCESS
2026-04-17 10:42:26,454 | INFO | END_SIMULATION: Elena vs Mike - SUCCESS
2026-04-17 10:42:28,015 | INFO | END_SIMULATION: Elena vs Priya - SUCCESS
2026-04-17 10:42:29,303 | INFO | END_SIMULATION: Elena vs David - SUCCESS
2026-04-17 10:42:31,120 | INFO | END_SIMULATION: Elena vs Chloe - SUCCESS
2026-04-17 10:42:32,747 | INFO | END_SIMULATION: Elena vs James - SUCCESS
2026-04-17 10:42:38,654 | INFO | END_SIMULATION: Elena vs Lila - SUCCESS
2026-04-17 10:42:44,342 | INFO | END_SIMULATION: Elena vs Sam - SUCCESS
2026-04-17 10:42:50,503 | INFO | END_SIMULATION: Sarah vs Mike - SUCCESS
2026-04-17 10:42:55,877 | INFO | END_SIMULATION: Sarah vs Priya - SUCCESS
2026-04-17 10:43:01,330 | INFO | END_SIMULATION: Sarah vs David - SUCCESS
2026-04-17 10:43:06,853 | INFO | END_SIMULATION: Sarah vs Chloe - SUCCESS
2026-04-17 10:43:12,485 | INFO | END_SIMULATION: Sarah vs James - SUCCESS
2026-04-17 10:43:19,313 | INFO | END_SIMULATION: Sarah vs Lila - SUCCESS
2026-04-17 10:43:22,753 | INFO | END_SIMULATION: Sarah vs Sam - SUCCESS
2026-04-17 10:43:28,401 | INFO | END_SIMULATION: Mike vs Priya - SUCCESS
2026-04-17 10:43:34,322 | INFO | END_SIMULATION: Mike vs David - SUCCESS
2026-04-17 10:43:40,493 | INFO | END_SIMULATION: Mike vs Chloe - SUCCESS
2026-04-17 10:43:46,450 | INFO | END_SIMULATION: Mike vs James - SUCCESS
2026-04-17 10:43:52,143 | INFO | END_SIMULATION: Mike vs Lila - SUCCESS
2026-04-17 10:43:57,731 | INFO | END_SIMULATION: Mike vs Sam - SUCCESS
2026-04-17 10:44:03,407 | INFO | END_SIMULATION: Priya vs David - SUCCESS
2026-04-17 10:44:08,994 | INFO | END_SIMULATION: Priya vs Chloe - SUCCESS
2026-04-17 10:44:14,529 | INFO | END_SIMULATION: Priya vs James - SUCCESS
2026-04-17 10:44:20,630 | INFO | END_SIMULATION: Priya vs Lila - SUCCESS
2026-04-17 10:44:26,357 | INFO | END_SIMULATION: Priya vs Sam - SUCCESS
2026-04-17 10:44:31,636 | INFO | END_SIMULATION: David vs Chloe - SUCCESS
2026-04-17 10:44:37,096 | INFO | END_SIMULATION: David vs James - SUCCESS
2026-04-17 10:44:42,441 | INFO | END_SIMULATION: David vs Lila - SUCCESS
2026-04-17 10:44:47,680 | INFO | END_SIMULATION: David vs Sam - SUCCESS
2026-04-17 10:44:53,640 | INFO | END_SIMULATION: Chloe vs James - SUCCESS
2026-04-17 10:44:59,401 | INFO | END_SIMULATION: Chloe vs Lila - SUCCESS
2026-04-17 10:45:07,205 | INFO | END_SIMULATION: Chloe vs Sam - SUCCESS
2026-04-17 10:45:11,042 | INFO | END_SIMULATION: James vs Lila - SUCCESS
2026-04-17 10:45:16,789 | INFO | END_SIMULATION: James vs Sam - SUCCESS
2026-04-17 10:45:22,901 | INFO | END_SIMULATION: Lila vs Sam - SUCCESS
2026-04-17 10:45:22,986 | INFO | Matrix saved to outputs\normal_score_matrix.csv
2026-04-17 10:45:22,990 | INFO | Matrix saved to outputs\judge_score_matrix.csv
2026-04-17 10:45:23,001 | INFO | Matrix saved to outputs\matches_score_matrix.csv
