2026-04-16 15:44:53,542 | INFO | END_SIMULATION: Arjun vs Elena - SUCCESS
2026-04-16 15:44:53,542 | INFO | END_SIMULATION: Arjun vs Elena - SUCCESS
2026-04-16 15:44:54,626 | INFO | END_SIMULATION: Arjun vs Sarah - SUCCESS
2026-04-16 15:44:54,626 | INFO | END_SIMULATION: Arjun vs Sarah - SUCCESS
2026-04-16 15:44:56,076 | INFO | END_SIMULATION: Arjun vs Mike - SUCCESS
2026-04-16 15:44:56,076 | INFO | END_SIMULATION: Arjun vs Mike - SUCCESS
2026-04-16 15:44:57,249 | INFO | END_SIMULATION: Arjun vs Priya - SUCCESS
2026-04-16 15:44:57,249 | INFO | END_SIMULATION: Arjun vs Priya - SUCCESS
2026-04-16 15:44:59,607 | INFO | END_SIMULATION: Arjun vs David - SUCCESS
2026-04-16 15:44:59,607 | INFO | END_SIMULATION: Arjun vs David - SUCCESS
2026-04-16 15:45:01,331 | INFO | END_SIMULATION: Arjun vs Chloe - SUCCESS
2026-04-16 15:45:01,331 | INFO | END_SIMULATION: Arjun vs Chloe - SUCCESS
2026-04-16 15:45:02,624 | INFO | END_SIMULATION: Arjun vs James - SUCCESS
2026-04-16 15:45:02,624 | INFO | END_SIMULATION: Arjun vs James - SUCCESS
2026-04-16 15:45:04,193 | INFO | END_SIMULATION: Arjun vs Lila - SUCCESS
2026-04-16 15:45:04,193 | INFO | END_SIMULATION: Arjun vs Lila - SUCCESS
2026-04-16 15:45:05,379 | INFO | END_SIMULATION: Arjun vs Sam - SUCCESS
2026-04-16 15:45:05,379 | INFO | END_SIMULATION: Arjun vs Sam - SUCCESS
2026-04-16 15:45:07,642 | INFO | END_SIMULATION: Elena vs Sarah - SUCCESS
2026-04-16 15:45:07,642 | INFO | END_SIMULATION: Elena vs Sarah - SUCCESS
2026-04-16 15:45:09,870 | INFO | END_SIMULATION: Elena vs Mike - SUCCESS
2026-04-16 15:45:09,870 | INFO | END_SIMULATION: Elena vs Mike - SUCCESS
2026-04-16 15:45:11,833 | INFO | END_SIMULATION: Elena vs Priya - SUCCESS
2026-04-16 15:45:11,833 | INFO | END_SIMULATION: Elena vs Priya - SUCCESS
2026-04-16 15:45:13,546 | INFO | END_SIMULATION: Elena vs David - SUCCESS
2026-04-16 15:45:13,546 | INFO | END_SIMULATION: Elena vs David - SUCCESS
2026-04-16 15:45:15,937 | INFO | END_SIMULATION: Elena vs Chloe - SUCCESS
2026-04-16 15:45:15,937 | INFO | END_SIMULATION: Elena vs Chloe - SUCCESS
2026-04-16 15:45:17,821 | INFO | END_SIMULATION: Elena vs James - SUCCESS
2026-04-16 15:45:17,821 | INFO | END_SIMULATION: Elena vs James - SUCCESS
2026-04-16 15:45:24,048 | INFO | END_SIMULATION: Elena vs Lila - SUCCESS
2026-04-16 15:45:24,048 | INFO | END_SIMULATION: Elena vs Lila - SUCCESS
2026-04-16 15:45:30,325 | INFO | END_SIMULATION: Elena vs Sam - SUCCESS
2026-04-16 15:45:30,325 | INFO | END_SIMULATION: Elena vs Sam - SUCCESS
2026-04-16 15:45:37,450 | INFO | END_SIMULATION: Sarah vs Mike - SUCCESS
2026-04-16 15:45:37,450 | INFO | END_SIMULATION: Sarah vs Mike - SUCCESS
2026-04-16 15:45:40,851 | INFO | END_SIMULATION: Sarah vs Priya - SUCCESS
2026-04-16 15:45:40,851 | INFO | END_SIMULATION: Sarah vs Priya - SUCCESS
2026-04-16 15:45:46,439 | INFO | END_SIMULATION: Sarah vs David - SUCCESS
2026-04-16 15:45:46,439 | INFO | END_SIMULATION: Sarah vs David - SUCCESS
2026-04-16 15:45:52,452 | INFO | END_SIMULATION: Sarah vs Chloe - SUCCESS
2026-04-16 15:45:52,452 | INFO | END_SIMULATION: Sarah vs Chloe - SUCCESS
2026-04-16 15:46:05,420 | INFO | Final pairings generated for 5 couples.
2026-04-16 15:46:05,420 | INFO | Final pairings generated for 5 couples.
