2026-04-17 09:43:27,438 | INFO | END_SIMULATION: Arjun vs Elena - SUCCESS
2026-04-17 09:43:27,438 | INFO | END_SIMULATION: Arjun vs Elena - SUCCESS
2026-04-17 09:43:28,665 | INFO | END_SIMULATION: Arjun vs Sarah - SUCCESS
2026-04-17 09:43:28,665 | INFO | END_SIMULATION: Arjun vs Sarah - SUCCESS
2026-04-17 09:43:30,053 | INFO | END_SIMULATION: Arjun vs Mike - SUCCESS
2026-04-17 09:43:30,053 | INFO | END_SIMULATION: Arjun vs Mike - SUCCESS
2026-04-17 09:43:31,698 | INFO | END_SIMULATION: Arjun vs Priya - SUCCESS
2026-04-17 09:43:31,698 | INFO | END_SIMULATION: Arjun vs Priya - SUCCESS
2026-04-17 09:43:33,429 | INFO | END_SIMULATION: Arjun vs David - SUCCESS
2026-04-17 09:43:33,429 | INFO | END_SIMULATION: Arjun vs David - SUCCESS
2026-04-17 09:43:34,468 | INFO | END_SIMULATION: Arjun vs Chloe - SUCCESS
2026-04-17 09:43:34,468 | INFO | END_SIMULATION: Arjun vs Chloe - SUCCESS
2026-04-17 09:43:35,935 | INFO | END_SIMULATION: Arjun vs James - SUCCESS
2026-04-17 09:43:35,935 | INFO | END_SIMULATION: Arjun vs James - SUCCESS
2026-04-17 09:43:37,437 | INFO | END_SIMULATION: Arjun vs Lila - SUCCESS
2026-04-17 09:43:37,437 | INFO | END_SIMULATION: Arjun vs Lila - SUCCESS
2026-04-17 09:43:38,794 | INFO | END_SIMULATION: Arjun vs Sam - SUCCESS
2026-04-17 09:43:38,794 | INFO | END_SIMULATION: Arjun vs Sam - SUCCESS
2026-04-17 09:43:40,509 | INFO | END_SIMULATION: Elena vs Sarah - SUCCESS
2026-04-17 09:43:40,509 | INFO | END_SIMULATION: Elena vs Sarah - SUCCESS
2026-04-17 09:43:42,677 | INFO | END_SIMULATION: Elena vs Mike - SUCCESS
2026-04-17 09:43:42,677 | INFO | END_SIMULATION: Elena vs Mike - SUCCESS
2026-04-17 09:43:46,889 | INFO | END_SIMULATION: Elena vs Priya - SUCCESS
2026-04-17 09:43:46,889 | INFO | END_SIMULATION: Elena vs Priya - SUCCESS
2026-04-17 09:43:48,720 | INFO | END_SIMULATION: Elena vs David - SUCCESS
2026-04-17 09:43:48,720 | INFO | END_SIMULATION: Elena vs David - SUCCESS
2026-04-17 09:43:50,827 | INFO | END_SIMULATION: Elena vs Chloe - SUCCESS
2026-04-17 09:43:50,827 | INFO | END_SIMULATION: Elena vs Chloe - SUCCESS
2026-04-17 09:43:52,740 | INFO | END_SIMULATION: Elena vs James - SUCCESS
2026-04-17 09:43:52,740 | INFO | END_SIMULATION: Elena vs James - SUCCESS
2026-04-17 09:43:57,917 | INFO | END_SIMULATION: Elena vs Lila - SUCCESS
2026-04-17 09:43:57,917 | INFO | END_SIMULATION: Elena vs Lila - SUCCESS
2026-04-17 09:44:01,588 | INFO | END_SIMULATION: Elena vs Sam - SUCCESS
2026-04-17 09:44:01,588 | INFO | END_SIMULATION: Elena vs Sam - SUCCESS
2026-04-17 09:44:07,581 | INFO | END_SIMULATION: Sarah vs Mike - SUCCESS
2026-04-17 09:44:07,581 | INFO | END_SIMULATION: Sarah vs Mike - SUCCESS
2026-04-17 09:44:13,587 | INFO | END_SIMULATION: Sarah vs Priya - SUCCESS
2026-04-17 09:44:13,587 | INFO | END_SIMULATION: Sarah vs Priya - SUCCESS
2026-04-17 09:44:19,088 | INFO | END_SIMULATION: Sarah vs David - SUCCESS
2026-04-17 09:44:19,088 | INFO | END_SIMULATION: Sarah vs David - SUCCESS
2026-04-17 09:44:24,855 | INFO | END_SIMULATION: Sarah vs Chloe - SUCCESS
2026-04-17 09:44:24,855 | INFO | END_SIMULATION: Sarah vs Chloe - SUCCESS
2026-04-17 09:44:30,254 | INFO | END_SIMULATION: Sarah vs James - SUCCESS
2026-04-17 09:44:30,254 | INFO | END_SIMULATION: Sarah vs James - SUCCESS
2026-04-17 09:44:35,873 | INFO | END_SIMULATION: Sarah vs Lila - SUCCESS
2026-04-17 09:44:35,873 | INFO | END_SIMULATION: Sarah vs Lila - SUCCESS
2026-04-17 09:44:41,687 | INFO | END_SIMULATION: Sarah vs Sam - SUCCESS
2026-04-17 09:44:41,687 | INFO | END_SIMULATION: Sarah vs Sam - SUCCESS
2026-04-17 09:44:47,350 | INFO | END_SIMULATION: Mike vs Priya - SUCCESS
2026-04-17 09:44:47,350 | INFO | END_SIMULATION: Mike vs Priya - SUCCESS
2026-04-17 09:44:53,370 | INFO | END_SIMULATION: Mike vs David - SUCCESS
2026-04-17 09:44:53,370 | INFO | END_SIMULATION: Mike vs David - SUCCESS
2026-04-17 09:44:59,826 | INFO | END_SIMULATION: Mike vs Chloe - SUCCESS
2026-04-17 09:44:59,826 | INFO | END_SIMULATION: Mike vs Chloe - SUCCESS
2026-04-17 09:45:05,924 | INFO | END_SIMULATION: Mike vs James - SUCCESS
2026-04-17 09:45:05,924 | INFO | END_SIMULATION: Mike vs James - SUCCESS
2026-04-17 09:45:12,128 | INFO | END_SIMULATION: Mike vs Lila - SUCCESS
2026-04-17 09:45:12,128 | INFO | END_SIMULATION: Mike vs Lila - SUCCESS
2026-04-17 09:45:18,307 | INFO | END_SIMULATION: Mike vs Sam - SUCCESS
2026-04-17 09:45:18,307 | INFO | END_SIMULATION: Mike vs Sam - SUCCESS
2026-04-17 09:45:24,039 | INFO | END_SIMULATION: Priya vs David - SUCCESS
2026-04-17 09:45:24,039 | INFO | END_SIMULATION: Priya vs David - SUCCESS
2026-04-17 09:45:30,254 | INFO | END_SIMULATION: Priya vs Chloe - SUCCESS
2026-04-17 09:45:30,254 | INFO | END_SIMULATION: Priya vs Chloe - SUCCESS
2026-04-17 09:45:36,547 | INFO | END_SIMULATION: Priya vs James - SUCCESS
2026-04-17 09:45:36,547 | INFO | END_SIMULATION: Priya vs James - SUCCESS
2026-04-17 09:45:42,822 | INFO | END_SIMULATION: Priya vs Lila - SUCCESS
2026-04-17 09:45:42,822 | INFO | END_SIMULATION: Priya vs Lila - SUCCESS
2026-04-17 09:45:48,404 | INFO | END_SIMULATION: Priya vs Sam - SUCCESS
2026-04-17 09:45:48,404 | INFO | END_SIMULATION: Priya vs Sam - SUCCESS
2026-04-17 09:45:54,043 | INFO | END_SIMULATION: David vs Chloe - SUCCESS
2026-04-17 09:45:54,043 | INFO | END_SIMULATION: David vs Chloe - SUCCESS
2026-04-17 09:45:59,914 | INFO | END_SIMULATION: David vs James - SUCCESS
2026-04-17 09:45:59,914 | INFO | END_SIMULATION: David vs James - SUCCESS
2026-04-17 09:46:05,559 | INFO | END_SIMULATION: David vs Lila - SUCCESS
2026-04-17 09:46:05,559 | INFO | END_SIMULATION: David vs Lila - SUCCESS
2026-04-17 09:46:11,094 | INFO | END_SIMULATION: David vs Sam - SUCCESS
2026-04-17 09:46:11,094 | INFO | END_SIMULATION: David vs Sam - SUCCESS
2026-04-17 09:46:16,505 | INFO | END_SIMULATION: Chloe vs James - SUCCESS
2026-04-17 09:46:16,505 | INFO | END_SIMULATION: Chloe vs James - SUCCESS
2026-04-17 09:46:23,990 | INFO | END_SIMULATION: Chloe vs Lila - SUCCESS
2026-04-17 09:46:23,990 | INFO | END_SIMULATION: Chloe vs Lila - SUCCESS
2026-04-17 09:46:28,761 | INFO | END_SIMULATION: Chloe vs Sam - SUCCESS
2026-04-17 09:46:28,761 | INFO | END_SIMULATION: Chloe vs Sam - SUCCESS
2026-04-17 09:46:35,967 | INFO | END_SIMULATION: James vs Lila - SUCCESS
2026-04-17 09:46:35,967 | INFO | END_SIMULATION: James vs Lila - SUCCESS
2026-04-17 09:46:39,822 | INFO | END_SIMULATION: James vs Sam - SUCCESS
2026-04-17 09:46:39,822 | INFO | END_SIMULATION: James vs Sam - SUCCESS
2026-04-17 09:46:47,701 | INFO | END_SIMULATION: Lila vs Sam - SUCCESS
2026-04-17 09:46:47,701 | INFO | END_SIMULATION: Lila vs Sam - SUCCESS
2026-04-17 09:46:47,774 | INFO | Matrix saved to outputs\normal_score_matrix.csv
2026-04-17 09:46:47,774 | INFO | Matrix saved to outputs\normal_score_matrix.csv
2026-04-17 09:46:47,779 | INFO | Matrix saved to outputs\judge_score_matrix.csv
2026-04-17 09:46:47,779 | INFO | Matrix saved to outputs\judge_score_matrix.csv
2026-04-17 09:46:47,784 | INFO | Matrix saved to outputs\matches_score_matrix.csv
2026-04-17 09:46:47,784 | INFO | Matrix saved to outputs\matches_score_matrix.csv
2026-04-17 09:49:34,572 | INFO | Final pairings generated for 5 couples.
2026-04-17 09:49:34,572 | INFO | Final pairings generated for 5 couples.
2026-04-17 09:49:36,888 | INFO | Final pairings generated for 5 couples.
2026-04-17 09:49:36,888 | INFO | Final pairings generated for 5 couples.
