2026-04-16 15:32:25,318 | INFO | Final pairings generated for 5 couples.
2026-04-16 15:32:25,318 | INFO | Final pairings generated for 5 couples.
2026-04-16 15:32:39,938 | INFO | END_SIMULATION: Arjun vs Elena - SUCCESS
2026-04-16 15:32:39,938 | INFO | END_SIMULATION: Arjun vs Elena - SUCCESS
2026-04-16 15:32:41,531 | INFO | END_SIMULATION: Arjun vs Sarah - SUCCESS
2026-04-16 15:32:41,531 | INFO | END_SIMULATION: Arjun vs Sarah - SUCCESS
2026-04-16 15:32:44,159 | INFO | END_SIMULATION: Arjun vs Mike - SUCCESS
2026-04-16 15:32:44,159 | INFO | END_SIMULATION: Arjun vs Mike - SUCCESS
2026-04-16 15:32:45,259 | INFO | END_SIMULATION: Arjun vs Priya - SUCCESS
2026-04-16 15:32:45,259 | INFO | END_SIMULATION: Arjun vs Priya - SUCCESS
2026-04-16 15:32:46,657 | INFO | END_SIMULATION: Arjun vs David - SUCCESS
2026-04-16 15:32:46,657 | INFO | END_SIMULATION: Arjun vs David - SUCCESS
2026-04-16 15:32:48,428 | INFO | END_SIMULATION: Arjun vs Chloe - SUCCESS
2026-04-16 15:32:48,428 | INFO | END_SIMULATION: Arjun vs Chloe - SUCCESS
2026-04-16 15:32:49,705 | INFO | END_SIMULATION: Arjun vs James - SUCCESS
2026-04-16 15:32:49,705 | INFO | END_SIMULATION: Arjun vs James - SUCCESS
2026-04-16 15:32:51,137 | INFO | END_SIMULATION: Arjun vs Lila - SUCCESS
2026-04-16 15:32:51,137 | INFO | END_SIMULATION: Arjun vs Lila - SUCCESS
2026-04-16 15:32:52,174 | INFO | END_SIMULATION: Arjun vs Sam - SUCCESS
2026-04-16 15:32:52,174 | INFO | END_SIMULATION: Arjun vs Sam - SUCCESS
2026-04-16 15:32:54,274 | INFO | END_SIMULATION: Elena vs Sarah - SUCCESS
2026-04-16 15:32:54,274 | INFO | END_SIMULATION: Elena vs Sarah - SUCCESS
2026-04-16 15:32:56,215 | INFO | END_SIMULATION: Elena vs Mike - SUCCESS
2026-04-16 15:32:56,215 | INFO | END_SIMULATION: Elena vs Mike - SUCCESS
2026-04-16 15:32:59,407 | INFO | END_SIMULATION: Elena vs Priya - SUCCESS
2026-04-16 15:32:59,407 | INFO | END_SIMULATION: Elena vs Priya - SUCCESS
2026-04-16 15:33:00,841 | INFO | END_SIMULATION: Elena vs David - SUCCESS
2026-04-16 15:33:00,841 | INFO | END_SIMULATION: Elena vs David - SUCCESS
2026-04-16 15:33:02,996 | INFO | END_SIMULATION: Elena vs Chloe - SUCCESS
2026-04-16 15:33:02,996 | INFO | END_SIMULATION: Elena vs Chloe - SUCCESS
2026-04-16 15:33:05,489 | INFO | END_SIMULATION: Elena vs James - SUCCESS
2026-04-16 15:33:05,489 | INFO | END_SIMULATION: Elena vs James - SUCCESS
2026-04-16 15:33:09,265 | INFO | END_SIMULATION: Elena vs Lila - SUCCESS
2026-04-16 15:33:09,265 | INFO | END_SIMULATION: Elena vs Lila - SUCCESS
2026-04-16 15:33:15,217 | INFO | END_SIMULATION: Elena vs Sam - SUCCESS
2026-04-16 15:33:15,217 | INFO | END_SIMULATION: Elena vs Sam - SUCCESS
2026-04-16 15:33:21,133 | INFO | END_SIMULATION: Sarah vs Mike - SUCCESS
2026-04-16 15:33:21,133 | INFO | END_SIMULATION: Sarah vs Mike - SUCCESS
2026-04-16 15:33:26,580 | INFO | END_SIMULATION: Sarah vs Priya - SUCCESS
2026-04-16 15:33:26,580 | INFO | END_SIMULATION: Sarah vs Priya - SUCCESS
2026-04-16 15:33:31,798 | INFO | END_SIMULATION: Sarah vs David - SUCCESS
2026-04-16 15:33:31,798 | INFO | END_SIMULATION: Sarah vs David - SUCCESS
2026-04-16 15:33:36,941 | INFO | END_SIMULATION: Sarah vs Chloe - SUCCESS
2026-04-16 15:33:36,941 | INFO | END_SIMULATION: Sarah vs Chloe - SUCCESS
2026-04-16 15:33:42,578 | INFO | END_SIMULATION: Sarah vs James - SUCCESS
2026-04-16 15:33:42,578 | INFO | END_SIMULATION: Sarah vs James - SUCCESS
2026-04-16 15:33:48,439 | INFO | END_SIMULATION: Sarah vs Lila - SUCCESS
2026-04-16 15:33:48,439 | INFO | END_SIMULATION: Sarah vs Lila - SUCCESS
2026-04-16 15:33:54,010 | INFO | END_SIMULATION: Sarah vs Sam - SUCCESS
2026-04-16 15:33:54,010 | INFO | END_SIMULATION: Sarah vs Sam - SUCCESS
2026-04-16 15:33:59,938 | INFO | END_SIMULATION: Mike vs Priya - SUCCESS
2026-04-16 15:33:59,938 | INFO | END_SIMULATION: Mike vs Priya - SUCCESS
2026-04-16 15:34:05,664 | INFO | END_SIMULATION: Mike vs David - SUCCESS
2026-04-16 15:34:05,664 | INFO | END_SIMULATION: Mike vs David - SUCCESS
2026-04-16 15:34:11,485 | INFO | END_SIMULATION: Mike vs Chloe - SUCCESS
2026-04-16 15:34:11,485 | INFO | END_SIMULATION: Mike vs Chloe - SUCCESS
2026-04-16 15:34:17,544 | INFO | END_SIMULATION: Mike vs James - SUCCESS
2026-04-16 15:34:17,544 | INFO | END_SIMULATION: Mike vs James - SUCCESS
2026-04-16 15:34:23,705 | INFO | END_SIMULATION: Mike vs Lila - SUCCESS
2026-04-16 15:34:23,705 | INFO | END_SIMULATION: Mike vs Lila - SUCCESS
2026-04-16 15:34:29,249 | INFO | END_SIMULATION: Mike vs Sam - SUCCESS
2026-04-16 15:34:29,249 | INFO | END_SIMULATION: Mike vs Sam - SUCCESS
2026-04-16 15:34:34,943 | INFO | END_SIMULATION: Priya vs David - SUCCESS
2026-04-16 15:34:34,943 | INFO | END_SIMULATION: Priya vs David - SUCCESS
2026-04-16 15:34:40,922 | INFO | END_SIMULATION: Priya vs Chloe - SUCCESS
2026-04-16 15:34:40,922 | INFO | END_SIMULATION: Priya vs Chloe - SUCCESS
2026-04-16 15:34:46,572 | INFO | END_SIMULATION: Priya vs James - SUCCESS
2026-04-16 15:34:46,572 | INFO | END_SIMULATION: Priya vs James - SUCCESS
2026-04-16 15:34:52,585 | INFO | END_SIMULATION: Priya vs Lila - SUCCESS
2026-04-16 15:34:52,585 | INFO | END_SIMULATION: Priya vs Lila - SUCCESS
2026-04-16 15:34:58,323 | INFO | END_SIMULATION: Priya vs Sam - SUCCESS
2026-04-16 15:34:58,323 | INFO | END_SIMULATION: Priya vs Sam - SUCCESS
2026-04-16 15:35:03,646 | INFO | END_SIMULATION: David vs Chloe - SUCCESS
2026-04-16 15:35:03,646 | INFO | END_SIMULATION: David vs Chloe - SUCCESS
2026-04-16 15:35:09,124 | INFO | END_SIMULATION: David vs James - SUCCESS
2026-04-16 15:35:09,124 | INFO | END_SIMULATION: David vs James - SUCCESS
2026-04-16 15:35:14,847 | INFO | END_SIMULATION: David vs Lila - SUCCESS
2026-04-16 15:35:14,847 | INFO | END_SIMULATION: David vs Lila - SUCCESS
2026-04-16 15:35:20,050 | INFO | END_SIMULATION: David vs Sam - SUCCESS
2026-04-16 15:35:20,050 | INFO | END_SIMULATION: David vs Sam - SUCCESS
2026-04-16 15:35:25,471 | INFO | END_SIMULATION: Chloe vs James - SUCCESS
2026-04-16 15:35:25,471 | INFO | END_SIMULATION: Chloe vs James - SUCCESS
2026-04-16 15:35:31,011 | INFO | END_SIMULATION: Chloe vs Lila - SUCCESS
2026-04-16 15:35:31,011 | INFO | END_SIMULATION: Chloe vs Lila - SUCCESS
2026-04-16 15:35:36,879 | INFO | END_SIMULATION: Chloe vs Sam - SUCCESS
2026-04-16 15:35:36,879 | INFO | END_SIMULATION: Chloe vs Sam - SUCCESS
2026-04-16 15:35:42,654 | INFO | END_SIMULATION: James vs Lila - SUCCESS
2026-04-16 15:35:42,654 | INFO | END_SIMULATION: James vs Lila - SUCCESS
2026-04-16 15:35:48,006 | INFO | END_SIMULATION: James vs Sam - SUCCESS
2026-04-16 15:35:48,006 | INFO | END_SIMULATION: James vs Sam - SUCCESS
2026-04-16 15:35:53,821 | INFO | END_SIMULATION: Lila vs Sam - SUCCESS
2026-04-16 15:35:53,821 | INFO | END_SIMULATION: Lila vs Sam - SUCCESS
2026-04-16 15:35:53,876 | INFO | Matrix saved to outputs\normal_score_matrix.csv
2026-04-16 15:35:53,876 | INFO | Matrix saved to outputs\normal_score_matrix.csv
2026-04-16 15:35:53,877 | INFO | Matrix saved to outputs\judge_score_matrix.csv
2026-04-16 15:35:53,877 | INFO | Matrix saved to outputs\judge_score_matrix.csv
2026-04-16 15:35:53,880 | INFO | Matrix saved to outputs\matches_score_matrix.csv
2026-04-16 15:35:53,880 | INFO | Matrix saved to outputs\matches_score_matrix.csv
